<2020-06-18 12:45:36.037251> (info) - Config has files: 2
<2020-06-18 12:45:36.039543> (info) - Using Logging Configuration: logging.debug_on.conf
<2020-06-18 12:45:36.039543> (info) - Using configurations: 
<2020-06-18 12:45:36.040541> (info) - config\agri_point.json
<2020-06-18 12:45:36.040541> (info) - config\libs.base_agri.win.json
<2020-06-18 12:45:36.051528> (debug) - moja::flint::configuration::JSON2ConfigurationProvider::createLibraries(434) - details (moja.flint.example.agri): path - %LOCAL_LIBS%, filename -moja.flint.example.agrid.dll
<2020-06-18 12:45:36.052527> (debug) - moja::flint::configuration::Configuration::addLibrary(105) - details (moja.flint.example.agri): path - %LOCAL_LIBS%, filename -moja.flint.example.agrid.dll
<2020-06-18 12:45:36.063530> (info) - Using operation manager: Simple
<2020-06-18 12:45:36.064122> (debug) - moja::flint::LibraryManager::LibraryManager(46) - LibraryManager: contructor no args
<2020-06-18 12:45:36.065135> (debug) - moja::flint::LibraryManager::LoadInternalLibrary(427) - LibraryMLoadInternalLibraryanager: entered
<2020-06-18 12:45:36.065135> (debug) - moja::flint::LibraryManager::LoadInternalLibrary(431) - LibraryMLoadInternalLibraryanager: calling AddLibrary : internal.flint
<2020-06-18 12:45:36.066305> (debug) - moja::flint::LibraryManager::AddLibrary(78) - AddLibrary: entered : internal.flint
<2020-06-18 12:45:36.067316> (debug) - moja::flint::LibraryManager::LoadInternalLibrary(441) - LibraryMLoadInternalLibraryanager: calling registrations
<2020-06-18 12:45:36.067316> (debug) - moja::flint::getFlintModuleRegistrations(107) - getFlintModuleRegistrations: entered
<2020-06-18 12:45:36.068315> (debug) - moja::flint::getFlintModuleRegistrations(166) - getFlintModuleRegistrations: exit - 20
<2020-06-18 12:45:36.069317> (debug) - moja::flint::getFlintTransformRegistrations(171) - getFlintTransformRegistrations: entered
<2020-06-18 12:45:36.069317> (debug) - moja::flint::getFlintTransformRegistrations(194) - getFlintTransformRegistrations: exit - 9
<2020-06-18 12:45:36.070314> (debug) - moja::flint::getFlintFlintDataRegistrations(199) - getFlintFlintDataRegistrations: entered
<2020-06-18 12:45:36.071314> (debug) - moja::flint::getFlintFlintDataRegistrations(219) - getFlintFlintDataRegistrations: exit - 8
<2020-06-18 12:45:36.071314> (debug) - moja::flint::getFlintFlintDataFactoryRegistrations(224) - getFlintFlintDataFactoryRegistrations: entered
<2020-06-18 12:45:36.072315> (debug) - moja::flint::getFlintFlintDataFactoryRegistrations(230) - getFlintFlintDataFactoryRegistrations: exit - 1
<2020-06-18 12:45:36.072315> (debug) - moja::flint::getProviderRegistrations(235) - getProviderRegistrations: entered
<2020-06-18 12:45:36.073318> (debug) - moja::flint::getProviderRegistrations(250) - getProviderRegistrations: exit - 2
<2020-06-18 12:45:36.074315> (debug) - moja::flint::LibraryManager::RegisterProviders(407) - RegisterProviders: entered : internal.flint : count 2
<2020-06-18 12:45:36.074315> (debug) - moja::flint::LibraryManager::RegisterProviders(411) - RegisterProviders: loop: 0
<2020-06-18 12:45:36.075316> (debug) - moja::flint::LibraryManager::RegisterProviders(416) - RegisterProviders: loop: internal.flint : RasterTiled
<2020-06-18 12:45:36.075316> (debug) - moja::flint::LibraryManager::RegisterProviders(411) - RegisterProviders: loop: 1
<2020-06-18 12:45:36.076317> (debug) - moja::flint::LibraryManager::RegisterProviders(416) - RegisterProviders: loop: internal.flint : SQLite
<2020-06-18 12:45:36.077314> (debug) - moja::flint::getProviderRegistrations(235) - getProviderRegistrations: entered
<2020-06-18 12:45:36.077314> (debug) - moja::flint::getProviderRegistrations(250) - getProviderRegistrations: exit - 2
<2020-06-18 12:45:36.081317> (debug) - moja::flint::LibraryManager::RegisterProviders(407) - RegisterProviders: entered : internal.flint : count 2
<2020-06-18 12:45:36.082317> (debug) - moja::flint::LibraryManager::RegisterProviders(411) - RegisterProviders: loop: 0
<2020-06-18 12:45:36.082317> (debug) - moja::flint::LibraryManager::RegisterProviders(416) - RegisterProviders: loop: internal.flint : RasterTiled
<2020-06-18 12:45:36.083317> (debug) - moja::flint::LibraryManager::RegisterProviders(411) - RegisterProviders: loop: 1
<2020-06-18 12:45:36.084317> (debug) - moja::flint::LibraryManager::RegisterProviders(416) - RegisterProviders: loop: internal.flint : SQLite
<2020-06-18 12:45:36.085327> (debug) - moja::flint::LocalDomainControllerBase::configure(71) - details (moja.flint.example.agri): path - %LOCAL_LIBS%, filename -moja.flint.example.agrid.dll
<2020-06-18 12:45:36.086334> (debug) - moja::flint::LibraryManager::AddLibrary(78) - AddLibrary: entered : moja.flint.example.agri
<2020-06-18 12:45:36.094316> (debug) - moja::flint::LibraryManager::RegisterProviders(407) - RegisterProviders: entered : moja.flint.example.agri : count 0
<2020-06-18 12:45:36.097314> (info) - modules loaded: 
<2020-06-18 12:45:36.097314> (info) - 	library: internal.flint, module name: CalendarAndEventFlintDataSequencer
<2020-06-18 12:45:36.098315> (info) - 	library: internal.flint, module name: OutputerStream
<2020-06-18 12:45:36.098315> (info) - 	library: internal.flint, module name: OutputerStreamFlux
<2020-06-18 12:45:36.099314> (info) - 	library: internal.flint, module name: TransactionManagerEndOfStepModule
<2020-06-18 12:45:36.099314> (info) - 	library: moja.flint.example.agri, module name: DisturbanceEventModule
<2020-06-18 12:45:36.100315> (info) - Operation manager: Simple, Version: 1.0, Config: (Kahan[OFF], ZeroTransfers[ON], AllowNegativeTransfers[ON], WarnNegativeTransfers[OFF])
<2020-06-18 12:45:36.151314> (debug) - moja::flint::example::agri::DisturbanceEventModule::simulate(54) - Synthetic fertilizer Event Occured
<2020-06-18 12:45:36.167314> (debug) - moja::flint::example::agri::DisturbanceEventModule::simulate(54) - Organic fertilizer Event Occured
